<?xml version="1.0" encoding="UTF-8"?>
<!-- Generated by org.testng.reporters.JUnitReportReporter -->
<testsuite hostname="DESKTOP-AQVOTS7" failures="0" tests="6" name="MyTestCases" time="18.739" errors="0" timestamp="2025-01-27T02:34:59 EET" skipped="5">
  <testcase classname="MyTestCases" name="MultiplyTwoRandomNumbers" time="18.739"/>
  <system-out/>
  <testcase classname="MyTestCases" name="ClicknlyOnOddNumbers">
    <skipped/>
  </testcase> <!-- ClicknlyOnOddNumbers -->
  <system-out/>
  <testcase classname="MyTestCases" name="ClicknlyOnNumbers">
    <skipped/>
  </testcase> <!-- ClicknlyOnNumbers -->
  <system-out/>
  <testcase classname="MyTestCases" name="ClickOnALlItems">
    <skipped/>
  </testcase> <!-- ClickOnALlItems -->
  <system-out/>
  <testcase classname="MyTestCases" name="MultiplyTwoNumbers">
    <skipped/>
  </testcase> <!-- MultiplyTwoNumbers -->
  <system-out/>
  <testcase classname="MyTestCases" name="ClicknlyOnEvenNumbers">
    <skipped/>
  </testcase> <!-- ClicknlyOnEvenNumbers -->
  <system-out/>
</testsuite> <!-- MyTestCases -->
